<?xml version="1.0" encoding="UTF-8"?>
<!-- Generated by org.testng.reporters.JUnitXMLReporter -->
<testsuite hostname="Chinmaya-84-7B-EB-31-2E-9C" name="TestWithFirefox" tests="3" failures="0" timestamp="26 Apr 2017 09:36:25 GMT" time="41.537" errors="0">
  <testcase name="verifyLaunchedApplicationURL_TC_01" time="0.766" classname="com.infiniviewAutomation.tests.LoginpageTest"/>
  <testcase name="testLoginPagewithValidcredentials_TC_02" time="28.564" classname="com.infiniviewAutomation.tests.LoginpageTest"/>
  <testcase name="testLoginPagewithBlanckcredentials_TC_03" time="3.051" classname="com.infiniviewAutomation.tests.LoginpageTest"/>
</testsuite> <!-- TestWithFirefox -->
